<?xml version="1.0" encoding="utf-8"?><testsuites name="pytest tests"><testsuite name="pytest" errors="0" failures="1" skipped="0" tests="3" time="3.870" timestamp="2026-03-08T13:50:05.376302+00:00" hostname="agent-env-80f22b21-b768-4b0a-8cae-d3812d74fa58"><testcase classname="backend.tests.test_excel_export" name="test_export_excel_endpoint_returns_real_xlsx" time="2.741" /><testcase classname="backend.tests.test_excel_export" name="test_export_excel_schema_and_filter_subset" time="0.446"><failure message="AssertionError: assert ['Hisse Kodu'...'Analiz Notu'] == ['Hisse Kodu'...'Analiz Notu']&#10;  &#10;  At index 3 diff: 'Take Profit (Kâr Al)' != 'Take Profit'&#10;  &#10;  Full diff:&#10;    [&#10;        'Hisse Kodu',&#10;        'Mevcut Sinyal',...&#10;  &#10;  ...Full output truncated (8 lines hidden), use '-vv' to show">backend/tests/test_excel_export.py:83: in test_export_excel_schema_and_filter_subset
    assert list(dataframe.columns) == expected_columns
E   AssertionError: assert ['Hisse Kodu'...'Analiz Notu'] == ['Hisse Kodu'...'Analiz Notu']
E     
E     At index 3 diff: 'Take Profit (Kâr Al)' != 'Take Profit'
E     
E     Full diff:
E       [
E           'Hisse Kodu',
E           'Mevcut Sinyal',...
E     
E     ...Full output truncated (8 lines hidden), use '-vv' to show</failure></testcase><testcase classname="backend.tests.test_excel_export" name="test_export_excel_filter_subset_symbols_and_signal_values" time="0.385" /></testsuite></testsuites>