<?xml version="1.0" encoding="utf-8"?><testsuites name="pytest tests"><testsuite name="pytest" errors="0" failures="3" skipped="0" tests="8" time="44.038" timestamp="2026-03-07T23:57:14.151005+00:00" hostname="agent-env-80f22b21-b768-4b0a-8cae-d3812d74fa58"><testcase classname="backend.tests.test_signal_platform_api" name="test_config_returns_500_us_and_500_bist" time="0.837" /><testcase classname="backend.tests.test_signal_platform_api" name="test_scanner_state_endpoint_stability" time="27.143" /><testcase classname="backend.tests.test_signal_platform_api" name="test_on_demand_analyze_out_of_universe_symbols" time="9.541" /><testcase classname="backend.tests.test_signal_platform_api" name="test_reanalyze_refreshes_same_symbol" time="3.528" /><testcase classname="backend.tests.test_signal_platform_api" name="test_pattern_payload_supports_cup_and_handle_and_sym_triangle" time="0.660"><failure message="assert 500 == 200&#10; +  where 500 = &lt;Response [500]&gt;.status_code">backend/tests/test_signal_platform_api.py:176: in test_pattern_payload_supports_cup_and_handle_and_sym_triangle
    assert list_response.status_code == 200
E   assert 500 == 200
E    +  where 500 = &lt;Response [500]&gt;.status_code</failure></testcase><testcase classname="backend.tests.test_signal_platform_api" name="test_visualize_and_explain_return_image_and_summary" time="0.126"><failure message="assert 502 == 200&#10; +  where 502 = &lt;Response [502]&gt;.status_code">backend/tests/test_signal_platform_api.py:205: in test_visualize_and_explain_return_image_and_summary
    assert visualize_resp.status_code == 200
E   assert 502 == 200
E    +  where 502 = &lt;Response [502]&gt;.status_code</failure></testcase><testcase classname="backend.tests.test_signal_platform_api" name="test_score_breakdown_respects_40_30_30_weights" time="0.810" /><testcase classname="backend.tests.test_signal_platform_api" name="test_fundamental_hard_cap_behavior_if_triggered" time="1.216"><failure message="assert 500 == 200&#10; +  where 500 = &lt;Response [500]&gt;.status_code">backend/tests/test_signal_platform_api.py:244: in test_fundamental_hard_cap_behavior_if_triggered
    assert response.status_code == 200
E   assert 500 == 200
E    +  where 500 = &lt;Response [500]&gt;.status_code</failure></testcase></testsuite></testsuites>